<?xml version="1.0" encoding="UTF-8"?>
<!-- Generated by org.testng.reporters.JUnitXMLReporter -->
<testsuite hostname="LP-5CD9176M5C" name="Test" tests="3" failures="0" timestamp="4 Sep 2019 18:14:41 GMT" time="18.205" errors="0">
  <testcase name="@BeforeMethod setExtent" time="0.0" classname="com.ing.testcases.BankHomeTest">
    <failure type="java.lang.NullPointerException">
      <![CDATA[java.lang.NullPointerException
	at com.ing.util.Xls_Reader.getRowCount(Xls_Reader.java:49)
	at com.ing.pages.BankHomePage.<init>(BankHomePage.java:22)
	at com.ing.testcases.BankHomeTest.setExtent(BankHomeTest.java:46)
... Removed 26 stack frames]]>
    </failure>
  </testcase> <!-- @BeforeMethod setExtent -->
  <testcase name="@AfterMethod tearDown" time="0.0" classname="com.ing.testcases.BankHomeTest">
    <skipped/>
  </testcase> <!-- @AfterMethod tearDown -->
  <testcase name="@BeforeMethod setExtent" time="0.0" classname="com.ing.testcases.BankHomeTest">
    <skipped/>
  </testcase> <!-- @BeforeMethod setExtent -->
  <testcase name="@AfterMethod tearDown" time="0.0" classname="com.ing.testcases.BankHomeTest">
    <skipped/>
  </testcase> <!-- @AfterMethod tearDown -->
  <testcase name="@BeforeMethod setExtent" time="0.0" classname="com.ing.testcases.BankHomeTest">
    <skipped/>
  </testcase> <!-- @BeforeMethod setExtent -->
  <testcase name="@AfterMethod tearDown" time="0.0" classname="com.ing.testcases.BankHomeTest">
    <skipped/>
  </testcase> <!-- @AfterMethod tearDown -->
  <testcase name="@AfterTest endReport" time="0.0" classname="com.ing.testcases.BankHomeTest">
    <skipped/>
  </testcase> <!-- @AfterTest endReport -->
  <testcase name="scrollDown" time="0.015" classname="com.ing.testcases.BankHomeTest">
    <skipped/>
  </testcase> <!-- scrollDown -->
  <testcase name="personalBanking" time="0.007" classname="com.ing.testcases.BankHomeTest">
    <skipped/>
  </testcase> <!-- personalBanking -->
  <testcase name="ResourcePage" time="0.007" classname="com.ing.testcases.BankHomeTest">
    <skipped/>
  </testcase> <!-- ResourcePage -->
</testsuite> <!-- Test -->
