<?xml version="1.0" encoding="UTF-8"?>
<testng-results skipped="0" failed="0" total="1" passed="1">
  <reporter-output>
  </reporter-output>
  <suite name="Default suite" duration-ms="13143" started-at="2019-09-05T06:36:16Z" finished-at="2019-09-05T06:36:29Z">
    <groups>
    </groups>
    <test name="Default test" duration-ms="13143" started-at="2019-09-05T06:36:16Z" finished-at="2019-09-05T06:36:29Z">
      <class name="com.ing.testcases.LoginPageTest">
        <test-method status="PASS" signature="setup()[pri:0, instance:com.ing.testcases.LoginPageTest@4ba302e0]" name="setup" is-config="true" duration-ms="264" started-at="2019-09-05T12:06:16Z" finished-at="2019-09-05T12:06:17Z">
          <reporter-output>
          </reporter-output>
        </test-method> <!-- setup -->
        <test-method status="PASS" signature="setExtent()[pri:0, instance:com.ing.testcases.LoginPageTest@4ba302e0]" name="setExtent" is-config="true" duration-ms="12288" started-at="2019-09-05T12:06:17Z" finished-at="2019-09-05T12:06:29Z">
          <reporter-output>
          </reporter-output>
        </test-method> <!-- setExtent -->
        <test-method status="PASS" signature="scrollDown()[pri:1, instance:com.ing.testcases.LoginPageTest@4ba302e0]" name="scrollDown" duration-ms="558" started-at="2019-09-05T12:06:29Z" description="LoginPage" finished-at="2019-09-05T12:06:29Z">
          <reporter-output>
          </reporter-output>
        </test-method> <!-- scrollDown -->
      </class> <!-- com.ing.testcases.LoginPageTest -->
    </test> <!-- Default test -->
  </suite> <!-- Default suite -->
</testng-results>
